<?xml version="1.0" encoding="UTF-8"?>
<!-- Generated by org.testng.reporters.JUnitReportReporter -->
<testsuite hostname="PaxoTechWin7X64" name="Paxotech.com.Saksfifthavenue.AdvanceProject.AddProductToCardPageFunction" tests="2" failures="0" timestamp="3 Apr 2017 02:06:30 GMT" time="29.273" errors="0">
  <testcase name="verifyCardPage" time="0.132" classname="Paxotech.com.Saksfifthavenue.AdvanceProject.AddProductToCardPageFunction"/>
  <testcase name="ProductToCartPagVerification" time="29.141" classname="Paxotech.com.Saksfifthavenue.AdvanceProject.AddProductToCardPageFunction"/>
</testsuite> <!-- Paxotech.com.Saksfifthavenue.AdvanceProject.AddProductToCardPageFunction -->
