<?xml version="1.0" encoding="UTF-8"?>
<!-- Generated by org.testng.reporters.JUnitReportReporter -->
<testsuite hostname="PaxoTechWin7X64" name="Paxotech.com.Saksfifthavenue.Project.CreateAccountPageFunction" tests="1" failures="0" timestamp="28 Feb 2017 19:57:28 GMT" time="11.450" errors="0">
  <testcase name="verifyCraeteAccountPage" time="11.450" classname="Paxotech.com.Saksfifthavenue.Project.CreateAccountPageFunction"/>
</testsuite> <!-- Paxotech.com.Saksfifthavenue.Project.CreateAccountPageFunction -->
