<?xml version="1.0" encoding="UTF-8"?>
<!-- Generated by org.testng.reporters.JUnitReportReporter -->
<testsuite hostname="PaxoTechWin7X64" name="Paxotech.com.Saksfifthavenue.AdvanceProject.SigninPageVerification" tests="3" failures="0" timestamp="2 Apr 2017 21:30:01 GMT" time="7.394" errors="0">
  <testcase name="verifySigninPageTitle" time="0.252" classname="Paxotech.com.Saksfifthavenue.AdvanceProject.SigninPageVerification"/>
  <testcase name="signOutFromAccount" time="0.009" classname="Paxotech.com.Saksfifthavenue.AdvanceProject.SigninPageVerification"/>
  <testcase name="signInToAccount" time="7.133" classname="Paxotech.com.Saksfifthavenue.AdvanceProject.SigninPageVerification"/>
</testsuite> <!-- Paxotech.com.Saksfifthavenue.AdvanceProject.SigninPageVerification -->
