<?xml version="1.0" encoding="UTF-8"?>
<!-- Generated by org.testng.reporters.JUnitReportReporter -->
<testsuite hostname="PaxoTechWin7X64" name="Paxotech.com.Saksfifthavenue.AdvanceProject.CreateAccountPageFunction" tests="4" failures="0" timestamp="2 Apr 2017 21:30:01 GMT" time="19.216" errors="0">
  <testcase name="getCreateAccountPageTitle" time="0.121" classname="Paxotech.com.Saksfifthavenue.AdvanceProject.CreateAccountPageFunction"/>
  <testcase name="inbvalidCustomerCreateAccount" time="10.770" classname="Paxotech.com.Saksfifthavenue.AdvanceProject.CreateAccountPageFunction"/>
  <testcase name="getCreateAccountPageTitleText" time="0.029" classname="Paxotech.com.Saksfifthavenue.AdvanceProject.CreateAccountPageFunction"/>
  <testcase name="validCustomerCreateAccount" time="8.296" classname="Paxotech.com.Saksfifthavenue.AdvanceProject.CreateAccountPageFunction"/>
</testsuite> <!-- Paxotech.com.Saksfifthavenue.AdvanceProject.CreateAccountPageFunction -->
